{"/Users/analuciachavezhidalgo/Documents/Anita/mfe-angular-federation/projects/app3-favorites/src/app/app.component.ts": {"path":"/Users/analuciachavezhidalgo/Documents/Anita/mfe-angular-federation/projects/app3-favorites/src/app/app.component.ts","statementMap":{"0":{"start":{"line":1,"column":0},"end":{"line":1,"column":42}},"1":{"start":{"line":9,"column":2},"end":{"line":9,"column":27}},"2":{"start":{"line":8,"column":13},"end":{"line":8,"column":null}},"3":{"start":{"line":8,"column":13},"end":{"line":8,"column":25}}},"fnMap":{},"branchMap":{},"s":{"0":1,"1":1,"2":1,"3":1},"f":{},"b":{}}
,"/Users/analuciachavezhidalgo/Documents/Anita/mfe-angular-federation/projects/app3-favorites/src/app/favorites/favorites/favorites.component.ts": {"path":"/Users/analuciachavezhidalgo/Documents/Anita/mfe-angular-federation/projects/app3-favorites/src/app/favorites/favorites/favorites.component.ts","statementMap":{"0":{"start":{"line":1,"column":0},"end":{"line":1,"column":50}},"1":{"start":{"line":2,"column":0},"end":{"line":2,"column":63}},"2":{"start":{"line":3,"column":0},"end":{"line":3,"column":65}},"3":{"start":{"line":14,"column":22},"end":{"line":14,"column":50}},"4":{"start":{"line":12,"column":2},"end":{"line":12,"column":31}},"5":{"start":{"line":17,"column":4},"end":{"line":17,"column":30}},"6":{"start":{"line":22,"column":6},"end":{"line":22,"column":58}},"7":{"start":{"line":24,"column":53},"end":{"line":24,"column":55}},"8":{"start":{"line":26,"column":4},"end":{"line":28,"column":7}},"9":{"start":{"line":27,"column":6},"end":{"line":27,"column":55}},"10":{"start":{"line":30,"column":4},"end":{"line":32,"column":6}},"11":{"start":{"line":31,"column":37},"end":{"line":31,"column":62}},"12":{"start":{"line":36,"column":33},"end":{"line":36,"column":35}},"13":{"start":{"line":37,"column":4},"end":{"line":39,"column":7}},"14":{"start":{"line":38,"column":6},"end":{"line":38,"column":50}},"15":{"start":{"line":40,"column":4},"end":{"line":40,"column":25}},"16":{"start":{"line":44,"column":4},"end":{"line":51,"column":6}},"17":{"start":{"line":10,"column":13},"end":{"line":10,"column":null}},"18":{"start":{"line":10,"column":13},"end":{"line":10,"column":31}}},"fnMap":{"0":{"name":"(anonymous_0)","decl":{"start":{"line":14,"column":2},"end":{"line":14,"column":22}},"loc":{"start":{"line":14,"column":50},"end":{"line":14,"column":54}}},"1":{"name":"(anonymous_1)","decl":{"start":{"line":16,"column":2},"end":{"line":16,"column":10}},"loc":{"start":{"line":16,"column":10},"end":{"line":18,"column":3}}},"2":{"name":"(anonymous_2)","decl":{"start":{"line":20,"column":2},"end":{"line":20,"column":20}},"loc":{"start":{"line":20,"column":20},"end":{"line":33,"column":3}}},"3":{"name":"(anonymous_3)","decl":{"start":{"line":26,"column":34},"end":{"line":26,"column":35}},"loc":{"start":{"line":26,"column":56},"end":{"line":28,"column":5}}},"4":{"name":"(anonymous_4)","decl":{"start":{"line":31,"column":10},"end":{"line":31,"column":11}},"loc":{"start":{"line":31,"column":37},"end":{"line":31,"column":62}}},"5":{"name":"(anonymous_5)","decl":{"start":{"line":35,"column":10},"end":{"line":35,"column":22}},"loc":{"start":{"line":35,"column":44},"end":{"line":41,"column":3}}},"6":{"name":"(anonymous_6)","decl":{"start":{"line":37,"column":19},"end":{"line":37,"column":20}},"loc":{"start":{"line":37,"column":28},"end":{"line":39,"column":5}}},"7":{"name":"(anonymous_7)","decl":{"start":{"line":43,"column":10},"end":{"line":43,"column":22}},"loc":{"start":{"line":43,"column":41},"end":{"line":52,"column":3}}}},"branchMap":{"0":{"loc":{"start":{"line":22,"column":6},"end":{"line":22,"column":58}},"type":"binary-expr","locations":[{"start":{"line":22,"column":6},"end":{"line":22,"column":52}},{"start":{"line":22,"column":56},"end":{"line":22,"column":58}}]}},"s":{"0":1,"1":1,"2":1,"3":3,"4":3,"5":3,"6":4,"7":4,"8":4,"9":3,"10":4,"11":1,"12":1,"13":1,"14":3,"15":1,"16":3,"17":1,"18":1},"f":{"0":3,"1":3,"2":4,"3":3,"4":1,"5":1,"6":3,"7":3},"b":{"0":[4,3]}}
}
