TN:
SF:projects/app3-favorites/src/app/app.component.ts
FNF:0
FNH:0
DA:1,1
DA:8,1
DA:9,1
LF:3
LH:3
BRF:0
BRH:0
end_of_record
TN:
SF:projects/app3-favorites/src/app/favorites/favorites/favorites.component.ts
FN:14,(anonymous_0)
FN:16,(anonymous_1)
FN:20,(anonymous_2)
FN:26,(anonymous_3)
FN:31,(anonymous_4)
FN:35,(anonymous_5)
FN:37,(anonymous_6)
FN:43,(anonymous_7)
FNF:8
FNH:8
FNDA:3,(anonymous_0)
FNDA:3,(anonymous_1)
FNDA:4,(anonymous_2)
FNDA:3,(anonymous_3)
FNDA:1,(anonymous_4)
FNDA:1,(anonymous_5)
FNDA:3,(anonymous_6)
FNDA:3,(anonymous_7)
DA:1,1
DA:2,1
DA:3,1
DA:10,1
DA:12,3
DA:14,3
DA:17,3
DA:22,4
DA:24,4
DA:26,4
DA:27,3
DA:30,4
DA:31,1
DA:36,1
DA:37,1
DA:38,3
DA:40,1
DA:44,3
LF:18
LH:18
BRDA:22,0,0,4
BRDA:22,0,1,3
BRF:2
BRH:2
end_of_record
