<?xml version="1.0" encoding="UTF-8"?>
<coverage generated="1679342579998" clover="3.2.0">
  <project timestamp="1679342579998" name="All files">
    <metrics statements="13" coveredstatements="13" conditionals="0" coveredconditionals="0" methods="4" coveredmethods="4" elements="17" coveredelements="17" complexity="0" loc="13" ncloc="13" packages="2" files="4" classes="4"/>
    <package name="dashboard">
      <metrics statements="10" coveredstatements="10" conditionals="0" coveredconditionals="0" methods="4" coveredmethods="4"/>
      <file name="dashboard.component.html" path="/Users/analuciachavezhidalgo/Documents/Anita/mfe-angular-federation/projects/host/src/app/home/dashboard/dashboard.component.html">
        <metrics statements="1" coveredstatements="1" conditionals="0" coveredconditionals="0" methods="0" coveredmethods="0"/>
        <line num="1" count="2" type="stmt"/>
      </file>
      <file name="dashboard.component.ts" path="/Users/analuciachavezhidalgo/Documents/Anita/mfe-angular-federation/projects/host/src/app/home/dashboard/dashboard.component.ts">
        <metrics statements="9" coveredstatements="9" conditionals="0" coveredconditionals="0" methods="4" coveredmethods="4"/>
        <line num="1" count="2" type="stmt"/>
        <line num="2" count="2" type="stmt"/>
        <line num="3" count="2" type="stmt"/>
        <line num="10" count="2" type="stmt"/>
        <line num="11" count="2" type="stmt"/>
        <line num="13" count="2" type="stmt"/>
        <line num="16" count="2" type="stmt"/>
        <line num="20" count="2" type="stmt"/>
        <line num="22" count="2" type="stmt"/>
      </file>
    </package>
    <package name="toolbar">
      <metrics statements="3" coveredstatements="3" conditionals="0" coveredconditionals="0" methods="0" coveredmethods="0"/>
      <file name="toolbar.component.html" path="/Users/analuciachavezhidalgo/Documents/Anita/mfe-angular-federation/projects/host/src/app/home/toolbar/toolbar.component.html">
        <metrics statements="1" coveredstatements="1" conditionals="0" coveredconditionals="0" methods="0" coveredmethods="0"/>
        <line num="1" count="2" type="stmt"/>
      </file>
      <file name="toolbar.component.ts" path="/Users/analuciachavezhidalgo/Documents/Anita/mfe-angular-federation/projects/host/src/app/home/toolbar/toolbar.component.ts">
        <metrics statements="2" coveredstatements="2" conditionals="0" coveredconditionals="0" methods="0" coveredmethods="0"/>
        <line num="1" count="2" type="stmt"/>
        <line num="8" count="2" type="stmt"/>
      </file>
    </package>
  </project>
</coverage>
