<?xml version="1.0" encoding="UTF-8"?>
<coverage generated="1679096298005" clover="3.2.0">
  <project timestamp="1679096298005" name="All files">
    <metrics statements="3" coveredstatements="3" conditionals="0" coveredconditionals="0" methods="2" coveredmethods="0" elements="5" coveredelements="3" complexity="0" loc="3" ncloc="3" packages="1" files="2" classes="2"/>
    <file name="toolbar.component.html" path="/Users/analuciachavezhidalgo/Documents/Anita/mfe-angular-federation/projects/host/src/app/home/toolbar/toolbar.component.html">
      <metrics statements="1" coveredstatements="1" conditionals="0" coveredconditionals="0" methods="0" coveredmethods="0"/>
      <line num="1" count="1" type="stmt"/>
    </file>
    <file name="toolbar.component.ts" path="/Users/analuciachavezhidalgo/Documents/Anita/mfe-angular-federation/projects/host/src/app/home/toolbar/toolbar.component.ts">
      <metrics statements="2" coveredstatements="2" conditionals="0" coveredconditionals="0" methods="2" coveredmethods="0"/>
      <line num="1" count="1" type="stmt"/>
      <line num="8" count="1" type="stmt"/>
    </file>
  </project>
</coverage>
