{"/Users/analuciachavezhidalgo/Documents/Anita/mfe-angular-federation/projects/host/src/app/home/toolbar/toolbar.component.html": {"path":"/Users/analuciachavezhidalgo/Documents/Anita/mfe-angular-federation/projects/host/src/app/home/toolbar/toolbar.component.html","statementMap":{"0":{"start":{"line":1,"column":0},"end":{"line":1,"column":523}}},"fnMap":{},"branchMap":{},"s":{"0":1},"f":{},"b":{},"_coverageSchema":"1a1c01bbd47fc00a2c39e90264f33305004495a9","hash":"347e8f6ad937d2d38611481b341de853257f37b3"}
,"/Users/analuciachavezhidalgo/Documents/Anita/mfe-angular-federation/projects/host/src/app/home/toolbar/toolbar.component.ts": {"path":"/Users/analuciachavezhidalgo/Documents/Anita/mfe-angular-federation/projects/host/src/app/home/toolbar/toolbar.component.ts","statementMap":{"0":{"start":{"line":1,"column":0},"end":{"line":1,"column":50}},"1":{"start":{"line":8,"column":13},"end":{"line":8,"column":null}},"2":{"start":{"line":8,"column":13},"end":{"line":8,"column":29}}},"fnMap":{"0":{"name":"(anonymous_0)","decl":{"start":{"line":10,"column":2},"end":{"line":10,"column":18}},"loc":{"start":{"line":10,"column":2},"end":{"line":10,"column":19}}},"1":{"name":"(anonymous_1)","decl":{"start":{"line":12,"column":2},"end":{"line":12,"column":10}},"loc":{"start":{"line":12,"column":10},"end":{"line":13,"column":3}}}},"branchMap":{},"s":{"0":1,"1":1,"2":1},"f":{"0":0,"1":0},"b":{}}
}
