{"/Users/analuciachavezhidalgo/Documents/Anita/mfe-angular-federation/projects/host/src/app/home/dashboard/dashboard.component.html": {"path":"/Users/analuciachavezhidalgo/Documents/Anita/mfe-angular-federation/projects/host/src/app/home/dashboard/dashboard.component.html","statementMap":{"0":{"start":{"line":1,"column":0},"end":{"line":1,"column":137}}},"fnMap":{},"branchMap":{},"s":{"0":2},"f":{},"b":{},"_coverageSchema":"1a1c01bbd47fc00a2c39e90264f33305004495a9","hash":"9d97c41107d991aaea849fb19944e06e1c8d8668"}
,"/Users/analuciachavezhidalgo/Documents/Anita/mfe-angular-federation/projects/host/src/app/home/dashboard/dashboard.component.ts": {"path":"/Users/analuciachavezhidalgo/Documents/Anita/mfe-angular-federation/projects/host/src/app/home/dashboard/dashboard.component.ts","statementMap":{"0":{"start":{"line":1,"column":0},"end":{"line":1,"column":50}},"1":{"start":{"line":2,"column":0},"end":{"line":2,"column":44}},"2":{"start":{"line":3,"column":0},"end":{"line":3,"column":50}},"3":{"start":{"line":13,"column":22},"end":{"line":13,"column":50}},"4":{"start":{"line":11,"column":2},"end":{"line":11,"column":50}},"5":{"start":{"line":16,"column":4},"end":{"line":16,"column":29}},"6":{"start":{"line":20,"column":4},"end":{"line":22,"column":43}},"7":{"start":{"line":22,"column":33},"end":{"line":22,"column":40}},"8":{"start":{"line":10,"column":13},"end":{"line":10,"column":null}},"9":{"start":{"line":10,"column":13},"end":{"line":10,"column":31}}},"fnMap":{"0":{"name":"(anonymous_0)","decl":{"start":{"line":13,"column":2},"end":{"line":13,"column":22}},"loc":{"start":{"line":13,"column":50},"end":{"line":13,"column":54}}},"1":{"name":"(anonymous_1)","decl":{"start":{"line":15,"column":2},"end":{"line":15,"column":10}},"loc":{"start":{"line":15,"column":10},"end":{"line":17,"column":3}}},"2":{"name":"(anonymous_2)","decl":{"start":{"line":19,"column":2},"end":{"line":19,"column":19}},"loc":{"start":{"line":19,"column":19},"end":{"line":23,"column":3}}},"3":{"name":"(anonymous_3)","decl":{"start":{"line":22,"column":16},"end":{"line":22,"column":17}},"loc":{"start":{"line":22,"column":33},"end":{"line":22,"column":40}}}},"branchMap":{},"s":{"0":2,"1":2,"2":2,"3":2,"4":2,"5":2,"6":2,"7":2,"8":2,"9":2},"f":{"0":2,"1":2,"2":2,"3":2},"b":{}}
,"/Users/analuciachavezhidalgo/Documents/Anita/mfe-angular-federation/projects/host/src/app/home/toolbar/toolbar.component.html": {"path":"/Users/analuciachavezhidalgo/Documents/Anita/mfe-angular-federation/projects/host/src/app/home/toolbar/toolbar.component.html","statementMap":{"0":{"start":{"line":1,"column":0},"end":{"line":1,"column":562}}},"fnMap":{},"branchMap":{},"s":{"0":2},"f":{},"b":{},"_coverageSchema":"1a1c01bbd47fc00a2c39e90264f33305004495a9","hash":"f725a4dbadf4aac6dfbc661a30e5492fca3e7dc1"}
,"/Users/analuciachavezhidalgo/Documents/Anita/mfe-angular-federation/projects/host/src/app/home/toolbar/toolbar.component.ts": {"path":"/Users/analuciachavezhidalgo/Documents/Anita/mfe-angular-federation/projects/host/src/app/home/toolbar/toolbar.component.ts","statementMap":{"0":{"start":{"line":1,"column":0},"end":{"line":1,"column":42}},"1":{"start":{"line":8,"column":13},"end":{"line":8,"column":null}},"2":{"start":{"line":8,"column":13},"end":{"line":8,"column":29}}},"fnMap":{},"branchMap":{},"s":{"0":2,"1":2,"2":2},"f":{},"b":{}}
}
