<?xml version="1.0" encoding="UTF-8"?>
<coverage generated="1679414794617" clover="3.2.0">
  <project timestamp="1679414794617" name="All files">
    <metrics statements="8" coveredstatements="8" conditionals="0" coveredconditionals="0" methods="1" coveredmethods="1" elements="9" coveredelements="9" complexity="0" loc="8" ncloc="8" packages="2" files="3" classes="3"/>
    <package name="app">
      <metrics statements="3" coveredstatements="3" conditionals="0" coveredconditionals="0" methods="0" coveredmethods="0"/>
      <file name="app.component.ts" path="/Users/analuciachavezhidalgo/Documents/Anita/mfe-angular-federation/projects/app4-cast/src/app/app.component.ts">
        <metrics statements="3" coveredstatements="3" conditionals="0" coveredconditionals="0" methods="0" coveredmethods="0"/>
        <line num="1" count="1" type="stmt"/>
        <line num="8" count="1" type="stmt"/>
        <line num="9" count="1" type="stmt"/>
      </file>
    </package>
    <package name="app.components.cast">
      <metrics statements="5" coveredstatements="5" conditionals="0" coveredconditionals="0" methods="1" coveredmethods="1"/>
      <file name="cast.component.html" path="/Users/analuciachavezhidalgo/Documents/Anita/mfe-angular-federation/projects/app4-cast/src/app/components/cast/cast.component.html">
        <metrics statements="1" coveredstatements="1" conditionals="0" coveredconditionals="0" methods="0" coveredmethods="0"/>
        <line num="1" count="1" type="stmt"/>
      </file>
      <file name="cast.component.ts" path="/Users/analuciachavezhidalgo/Documents/Anita/mfe-angular-federation/projects/app4-cast/src/app/components/cast/cast.component.ts">
        <metrics statements="4" coveredstatements="4" conditionals="0" coveredconditionals="0" methods="1" coveredmethods="1"/>
        <line num="1" count="1" type="stmt"/>
        <line num="9" count="1" type="stmt"/>
        <line num="11" count="4" type="stmt"/>
        <line num="14" count="2" type="stmt"/>
      </file>
    </package>
  </project>
</coverage>
