{"/Users/analuciachavezhidalgo/Documents/Anita/mfe-angular-federation/projects/app4-cast/src/app/app.component.ts": {"path":"/Users/analuciachavezhidalgo/Documents/Anita/mfe-angular-federation/projects/app4-cast/src/app/app.component.ts","statementMap":{"0":{"start":{"line":1,"column":0},"end":{"line":1,"column":42}},"1":{"start":{"line":9,"column":2},"end":{"line":9,"column":22}},"2":{"start":{"line":8,"column":13},"end":{"line":8,"column":null}},"3":{"start":{"line":8,"column":13},"end":{"line":8,"column":25}}},"fnMap":{},"branchMap":{},"s":{"0":1,"1":1,"2":1,"3":1},"f":{},"b":{}}
,"/Users/analuciachavezhidalgo/Documents/Anita/mfe-angular-federation/projects/app4-cast/src/app/components/cast/cast.component.html": {"path":"/Users/analuciachavezhidalgo/Documents/Anita/mfe-angular-federation/projects/app4-cast/src/app/components/cast/cast.component.html","statementMap":{"0":{"start":{"line":1,"column":0},"end":{"line":1,"column":545}}},"fnMap":{},"branchMap":{},"s":{"0":1},"f":{},"b":{},"_coverageSchema":"1a1c01bbd47fc00a2c39e90264f33305004495a9","hash":"45ee519b2dced2e99dd3bbe441eb8843eddc4500"}
,"/Users/analuciachavezhidalgo/Documents/Anita/mfe-angular-federation/projects/app4-cast/src/app/components/cast/cast.component.ts": {"path":"/Users/analuciachavezhidalgo/Documents/Anita/mfe-angular-federation/projects/app4-cast/src/app/components/cast/cast.component.ts","statementMap":{"0":{"start":{"line":1,"column":0},"end":{"line":1,"column":71}},"1":{"start":{"line":11,"column":12},"end":{"line":11,"column":null}},"2":{"start":{"line":14,"column":4},"end":{"line":14,"column":27}},"3":{"start":{"line":9,"column":13},"end":{"line":9,"column":null}},"4":{"start":{"line":9,"column":13},"end":{"line":9,"column":26}}},"fnMap":{"0":{"name":"(anonymous_1)","decl":{"start":{"line":13,"column":2},"end":{"line":13,"column":10}},"loc":{"start":{"line":13,"column":24},"end":{"line":15,"column":3}}}},"branchMap":{},"s":{"0":1,"1":4,"2":2,"3":1,"4":1},"f":{"0":2},"b":{}}
}
